#
# There is insufficient memory for the Java Runtime Environment to continue.
# Native memory allocation (mmap) failed to map 260046848 bytes for G1 virtual space
# Possible reasons:
#   The system is out of physical RAM or swap space
#   The process is running with CompressedOops enabled, and the Java Heap may be blocking the growth of the native heap
# Possible solutions:
#   Reduce memory load on the system
#   Increase physical memory or swap space
#   Check if swap backing store is full
#   Decrease Java heap size (-Xmx/-Xms)
#   Decrease number of Java threads
#   Decrease Java thread stack sizes (-Xss)
#   Set larger code cache with -XX:ReservedCodeCacheSize=
#   JVM is running with Zero Based Compressed Oops mode in which the Java heap is
#     placed in the first 32GB address space. The Java Heap base address is the
#     maximum limit for the native heap growth. Please use -XX:HeapBaseMinAddress
#     to set the Java Heap base and to place the Java Heap above 32GB virtual address.
# This output file may be truncated or incomplete.
#
#  Out of Memory Error (os_windows.cpp:3617), pid=3992, tid=20692
#
# JRE version:  (17.0.8+7) (build )
# Java VM: OpenJDK 64-Bit Server VM (17.0.8+7, mixed mode, sharing, tiered, compressed oops, compressed class ptrs, g1 gc, windows-amd64)
# No core dump will be written. Minidumps are not enabled by default on client versions of Windows
#

---------------  S U M M A R Y ------------

Command Line: org.jetbrains.kotlin.cli.jvm.K2JVMCompiler @C:\Users\gdasi\Documents\projetos\Bilhetinho-app\node_modules\react-native-gesture-handler\android\build\20251103_15371247797379609176.compiler.options

Host: AMD Ryzen 5 5600G with Radeon Graphics         , 12 cores, 15G,  Windows 10 , 64 bit Build 19041 (10.0.19041.5915)
Time: Mon Nov  3 19:08:55 2025 Horário Padrão de Tocantins elapsed time: 0.022040 seconds (0d 0h 0m 0s)

---------------  T H R E A D  ---------------

Current thread (0x0000024866bb4c40):  JavaThread "Unknown thread" [_thread_in_vm, id=20692, stack(0x0000009c86200000,0x0000009c86300000)]

Stack: [0x0000009c86200000,0x0000009c86300000]
Native frames: (J=compiled Java code, j=interpreted, Vv=VM code, C=native code)
V  [jvm.dll+0x678b0a]
V  [jvm.dll+0x835e84]
V  [jvm.dll+0x83762e]
V  [jvm.dll+0x837c93]
V  [jvm.dll+0x24746f]
V  [jvm.dll+0x675859]
V  [jvm.dll+0x66a0ea]
V  [jvm.dll+0x306c7b]
V  [jvm.dll+0x30e166]
V  [jvm.dll+0x35dd3e]
V  [jvm.dll+0x35df6f]
V  [jvm.dll+0x2ddb48]
V  [jvm.dll+0x2deab4]
V  [jvm.dll+0x807f31]
V  [jvm.dll+0x36bb21]
V  [jvm.dll+0x7e733c]
V  [jvm.dll+0x3ee4af]
V  [jvm.dll+0x3f00c1]
C  [jli.dll+0x528b]
C  [ucrtbase.dll+0x21bb2]
C  [KERNEL32.DLL+0x17374]
C  [ntdll.dll+0x4cc91]


---------------  P R O C E S S  ---------------

Threads class SMR info:
_java_thread_list=0x00007ffd3360a018, length=0, elements={
}

Java Threads: ( => current thread )

Other Threads:
  0x0000024866c1e650 GCTaskThread "GC Thread#0" [stack: 0x0000009c86300000,0x0000009c86400000] [id=21024]
  0x0000024866c2fb90 ConcurrentGCThread "G1 Main Marker" [stack: 0x0000009c86400000,0x0000009c86500000] [id=21116]
  0x0000024866c323c0 ConcurrentGCThread "G1 Conc#0" [stack: 0x0000000000000000,0x0000000000000000] [id=11344]

[error occurred during error reporting (printing all threads), id 0xc0000005, EXCEPTION_ACCESS_VIOLATION (0xc0000005) at pc=0x00007ffd32dde587]

VM state: not at safepoint (not fully initialized)

VM Mutex/Monitor currently owned by a thread:  ([mutex/lock_event])
[0x0000024866bafe70] Heap_lock - owner thread: 0x0000024866bb4c40

Heap address: 0x0000000709200000, size: 3950 MB, Compressed Oops mode: Zero based, Oop shift amount: 3

CDS archive(s) mapped at: [0x0000000000000000-0x0000000000000000-0x0000000000000000), size 0, SharedBaseAddress: 0x0000000800000000, ArchiveRelocationMode: 1.
Narrow klass base: 0x0000000000000000, Narrow klass shift: 0, Narrow klass range: 0x0

GC Precious Log:
<Empty>

Heap:
 garbage-first heap   total 0K, used 0K [0x0000000709200000, 0x0000000800000000)
  region size 2048K, 0 young (0K), 0 survivors (0K)

[error occurred during error reporting (printing heap information), id 0xc0000005, EXCEPTION_ACCESS_VIOLATION (0xc0000005) at pc=0x00007ffd331c2699]

GC Heap History (0 events):
No events

Dll operation events (1 events):
Event: 0.017 Loaded shared library C:\Program Files\Eclipse Adoptium\jdk-17.0.8.7-hotspot\bin\java.dll

Deoptimization events (0 events):
No events

Classes unloaded (0 events):
No events

Classes redefined (0 events):
No events

Internal exceptions (0 events):
No events

VM Operations (0 events):
No events

Events (0 events):
No events


Dynamic libraries:
0x00007ff70b800000 - 0x00007ff70b80e000 	C:\Program Files\Eclipse Adoptium\jdk-17.0.8.7-hotspot\bin\java.exe
0x00007ffd93d90000 - 0x00007ffd93f88000 	C:\Windows\SYSTEM32\ntdll.dll
0x00007ffd92e00000 - 0x00007ffd92ec2000 	C:\Windows\System32\KERNEL32.DLL
0x00007ffd91880000 - 0x00007ffd91b76000 	C:\Windows\System32\KERNELBASE.dll
0x00007ffd915b0000 - 0x00007ffd916b0000 	C:\Windows\System32\ucrtbase.dll
0x00007ffd8a9b0000 - 0x00007ffd8a9c7000 	C:\Program Files\Eclipse Adoptium\jdk-17.0.8.7-hotspot\bin\jli.dll
0x00007ffd921d0000 - 0x00007ffd92371000 	C:\Windows\System32\USER32.dll
0x00007ffd914f0000 - 0x00007ffd91512000 	C:\Windows\System32\win32u.dll
0x00007ffd93340000 - 0x00007ffd9336b000 	C:\Windows\System32\GDI32.dll
0x00007ffd916b0000 - 0x00007ffd917c9000 	C:\Windows\System32\gdi32full.dll
0x00007ffd91450000 - 0x00007ffd914ed000 	C:\Windows\System32\msvcp_win.dll
0x00007ffd8a990000 - 0x00007ffd8a9a9000 	C:\Program Files\Eclipse Adoptium\jdk-17.0.8.7-hotspot\bin\VCRUNTIME140.dll
0x00007ffd7cbb0000 - 0x00007ffd7ce4b000 	C:\Windows\WinSxS\amd64_microsoft.windows.common-controls_6595b64144ccf1df_6.0.19041.6456_none_60b8a6cb71f64256\COMCTL32.dll
0x00007ffd92630000 - 0x00007ffd926ce000 	C:\Windows\System32\msvcrt.dll
0x00007ffd93d20000 - 0x00007ffd93d4f000 	C:\Windows\System32\IMM32.DLL
0x00007ffd8d660000 - 0x00007ffd8d66c000 	C:\Program Files\Eclipse Adoptium\jdk-17.0.8.7-hotspot\bin\vcruntime140_1.dll
0x00007ffd35900000 - 0x00007ffd35991000 	C:\Program Files\Eclipse Adoptium\jdk-17.0.8.7-hotspot\bin\msvcp140.dll
0x00007ffd32af0000 - 0x00007ffd3373c000 	C:\Program Files\Eclipse Adoptium\jdk-17.0.8.7-hotspot\bin\server\jvm.dll
0x00007ffd92490000 - 0x00007ffd92541000 	C:\Windows\System32\ADVAPI32.dll
0x00007ffd92bb0000 - 0x00007ffd92c4f000 	C:\Windows\System32\sechost.dll
0x00007ffd930a0000 - 0x00007ffd931c0000 	C:\Windows\System32\RPCRT4.dll
0x00007ffd91420000 - 0x00007ffd91447000 	C:\Windows\System32\bcrypt.dll
0x00007ffd909b0000 - 0x00007ffd909fb000 	C:\Windows\SYSTEM32\POWRPROF.dll
0x00007ffd6f790000 - 0x00007ffd6f799000 	C:\Windows\SYSTEM32\WSOCK32.dll
0x00007ffd93520000 - 0x00007ffd9358b000 	C:\Windows\System32\WS2_32.dll
0x00007ffd87a30000 - 0x00007ffd87a57000 	C:\Windows\SYSTEM32\WINMM.dll
0x00007ffd88900000 - 0x00007ffd8890a000 	C:\Windows\SYSTEM32\VERSION.dll
0x00007ffd90820000 - 0x00007ffd90832000 	C:\Windows\SYSTEM32\UMPDC.dll
0x00007ffd8fbf0000 - 0x00007ffd8fc02000 	C:\Windows\SYSTEM32\kernel.appcore.dll
0x00007ffd8b8c0000 - 0x00007ffd8b8ca000 	C:\Program Files\Eclipse Adoptium\jdk-17.0.8.7-hotspot\bin\jimage.dll
0x00007ffd8ef80000 - 0x00007ffd8f181000 	C:\Windows\SYSTEM32\DBGHELP.DLL
0x00007ffd71a10000 - 0x00007ffd71a44000 	C:\Windows\SYSTEM32\dbgcore.DLL
0x00007ffd91520000 - 0x00007ffd915a2000 	C:\Windows\System32\bcryptPrimitives.dll
0x00007ffd70330000 - 0x00007ffd70355000 	C:\Program Files\Eclipse Adoptium\jdk-17.0.8.7-hotspot\bin\java.dll

dbghelp: loaded successfully - version: 4.0.5 - missing functions: none
symbol engine: initialized successfully - sym options: 0x614 - pdb path: .;C:\Program Files\Eclipse Adoptium\jdk-17.0.8.7-hotspot\bin;C:\Windows\SYSTEM32;C:\Windows\WinSxS\amd64_microsoft.windows.common-controls_6595b64144ccf1df_6.0.19041.6456_none_60b8a6cb71f64256;C:\Program Files\Eclipse Adoptium\jdk-17.0.8.7-hotspot\bin\server

VM Arguments:
java_command: org.jetbrains.kotlin.cli.jvm.K2JVMCompiler @C:\Users\gdasi\Documents\projetos\Bilhetinho-app\node_modules\react-native-gesture-handler\android\build\20251103_15371247797379609176.compiler.options
java_class_path (initial): C:\Users\gdasi\.gradle\caches\modules-2\files-2.1\org.jetbrains.kotlin\kotlin-compiler-embeddable\2.1.20\4ef56b3316798316bfac7a0ae443391c9e900ea1\kotlin-compiler-embeddable-2.1.20.jar;C:\Users\gdasi\.gradle\caches\modules-2\files-2.1\org.jetbrains.kotlin\kotlin-stdlib\2.1.20\aa8ca79cd50578314f6d1180c47cbe14c0fee567\kotlin-stdlib-2.1.20.jar;C:\Users\gdasi\.gradle\caches\modules-2\files-2.1\org.jetbrains.kotlin\kotlin-script-runtime\2.1.20\f7c623d7f7bdb01f5ccd6b437bc0a937fcd7c57e\kotlin-script-runtime-2.1.20.jar;C:\Users\gdasi\.gradle\caches\modules-2\files-2.1\org.jetbrains.kotlin\kotlin-reflect\1.6.10\1cbe9c92c12a94eea200d23c2bbaedaf3daf5132\kotlin-reflect-1.6.10.jar;C:\Users\gdasi\.gradle\caches\modules-2\files-2.1\org.jetbrains.kotlin\kotlin-daemon-embeddable\2.1.20\95670fce77befd02a70a0bc3abe8ee4533521334\kotlin-daemon-embeddable-2.1.20.jar;C:\Users\gdasi\.gradle\caches\modules-2\files-2.1\org.jetbrains.intellij.deps\trove4j\1.0.20200330\3afb14d5f9ceb459d724e907a21145e8ff394f02\trove4j-1.0.20200330.jar;C:\Users\gdasi\.gradle\caches\modules-2\files-2.1\org.jetbrains.kotlinx\kotlinx-coroutines-core-jvm\1.8.0\ac1dc37a30a93150b704022f8d895ee1bd3a36b3\kotlinx-coroutines-core-jvm-1.8.0.jar;C:\Users\gdasi\.gradle\caches\modules-2\files-2.1\org.jetbrains\annotations\13.0\919f0dfe192fb4e063e7dacadee7f8bb9a2672a9\annotations-13.0.jar
Launcher Type: SUN_STANDARD

[Global flags]
     intx CICompilerCount                          = 4                                         {product} {ergonomic}
     uint ConcGCThreads                            = 3                                         {product} {ergonomic}
     uint G1ConcRefinementThreads                  = 10                                        {product} {ergonomic}
   size_t G1HeapRegionSize                         = 2097152                                   {product} {ergonomic}
    uintx GCDrainStackTargetSize                   = 64                                        {product} {ergonomic}
   size_t InitialHeapSize                          = 260046848                                 {product} {ergonomic}
   size_t MarkStackSize                            = 4194304                                   {product} {ergonomic}
   size_t MaxHeapSize                              = 4141875200                                {product} {ergonomic}
   size_t MinHeapDeltaBytes                        = 2097152                                   {product} {ergonomic}
   size_t MinHeapSize                              = 8388608                                   {product} {ergonomic}
    uintx NonNMethodCodeHeapSize                   = 5839372                                {pd product} {ergonomic}
    uintx NonProfiledCodeHeapSize                  = 122909434                              {pd product} {ergonomic}
    uintx ProfiledCodeHeapSize                     = 122909434                              {pd product} {ergonomic}
    uintx ReservedCodeCacheSize                    = 251658240                              {pd product} {ergonomic}
     bool SegmentedCodeCache                       = true                                      {product} {ergonomic}
   size_t SoftMaxHeapSize                          = 4141875200                             {manageable} {ergonomic}
     bool UseCompressedClassPointers               = true                           {product lp64_product} {ergonomic}
     bool UseCompressedOops                        = true                           {product lp64_product} {ergonomic}
     bool UseG1GC                                  = true                                      {product} {ergonomic}
     bool UseLargePagesIndividualAllocation        = false                                  {pd product} {ergonomic}

Logging:
Log output configuration:
 #0: stdout all=warning uptime,level,tags
 #1: stderr all=off uptime,level,tags

Environment Variables:
PATH=C:\Users\gdasi\Documents\projetos\Bilhetinho-app\node_modules\.bin;C:\Users\gdasi\Documents\projetos\Bilhetinho-app\node_modules\.bin;C:\Users\gdasi\Documents\projetos\node_modules\.bin;C:\Users\gdasi\Documents\node_modules\.bin;C:\Users\gdasi\node_modules\.bin;C:\Users\node_modules\.bin;C:\node_modules\.bin;C:\Program Files\nodejs\node_modules\npm\node_modules\@npmcli\run-script\lib\node-gyp-bin;c:\\Users\\gdasi\\.trae\\sdks\\workspaces\\23107b1f\\versions\\node\\current;c:\\Users\\gdasi\\.trae\\sdks\\versions\\node\\current;c:\Users\gdasi\.trae\sdks\workspaces\23107b1f\versions\node\current;c:\Users\gdasi\.trae\sdks\versions\node\current;C:\Python313\Scripts\;C:\Python313\;C:\Program Files\Eclipse Adoptium\jdk-17.0.8.7-hotspot\bin;C:\Program Files (x86)\Common Files\Oracle\Java\javapath;C:\Windows\system32;C:\Windows;C:\Windows\System32\Wbem;C:\Windows\System32\WindowsPowerShell\v1.0\;C:\Windows\System32\OpenSSH\;C:\MinGW\bin;C:\Program Files\dotnet\;C:\Users\gdasi\Documents\glpk-4.65\w64;C:\Program Files\nodejs\;C:\ProgramData\chocolatey\bin;C:\Program Files\Git\cmd;C:\Program Files\Sunshine;C:\Program Files\Sunshine\tools;C:\Python313\Scripts\;C:\Python313\;C:\Program Files\Eclipse Adoptium\jdk-17.0.8.7-hotspot\bin;C:\Program Files (x86)\Common Files\Oracle\Java\javapath;C:\Windows\system32;C:\Windows;C:\Windows\System32\Wbem;C:\Windows\System32\WindowsPowerShell\v1.0\;C:\Windows\System32\OpenSSH\;C:\MinGW\bin;C:\Program Files\dotnet\;C:\Users\gdasi\Documents\glpk-4.65\w64;C:\Program Files\nodejs\;C:\ProgramData\chocolatey\bin;C:\Program Files\Git\cmd;C:\Program Files\Sunshine;C:\Program Files\Sunshine\tools;C:\Users\gdasi\AppData\Local\Android\Sdk\platform-tools
USERNAME=gdasi
LANG=en_US.UTF-8
OS=Windows_NT
PROCESSOR_IDENTIFIER=AMD64 Family 25 Model 80 Stepping 0, AuthenticAMD
TMP=C:\Users\gdasi\AppData\Local\Temp
TEMP=C:\Users\gdasi\AppData\Local\Temp



---------------  S Y S T E M  ---------------

OS:
 Windows 10 , 64 bit Build 19041 (10.0.19041.5915)
OS uptime: 0 days 4:15 hours
Hyper-V role detected

CPU: total 12 (initial active 12) (12 cores per cpu, 2 threads per core) family 25 model 80 stepping 0 microcode 0x0, cx8, cmov, fxsr, ht, mmx, 3dnowpref, sse, sse2, sse3, ssse3, sse4a, sse4.1, sse4.2, popcnt, lzcnt, tsc, tscinvbit, avx, avx2, aes, erms, clmul, bmi1, bmi2, adx, sha, fma, vzeroupper, clflush, clflushopt, hv
Processor Information for all 12 processors :
  Max Mhz: 3901, Current Mhz: 3901, Mhz Limit: 3901

Memory: 4k page, system-wide physical 15799M (1557M free)
TotalPageFile size 64951M (AvailPageFile size 11M)
current process WorkingSet (physical memory assigned to process): 10M, peak: 10M
current process commit charge ("private bytes"): 64M, peak: 312M

vm_info: OpenJDK 64-Bit Server VM (17.0.8+7) for windows-amd64 JRE (17.0.8+7), built on Jul 18 2023 21:02:32 by "admin" with MS VC++ 16.7 (VS2019)

END.
